{"uid":"aebb7aba06dddfb5","name":"GET users info","fullName":"Demo API: GET users info","historyId":"9249d4d590f63f09a5290de23583734c","time":{"start":1674113531960,"stop":1674113534010,"duration":2050},"status":"failed","statusMessage":"1 expectation failed.\nExpected status code <200> but was <403>.\n","statusTrace":"java.lang.AssertionError: 1 expectation failed.\nExpected status code <200> but was <403>.\n\n\tat sun.reflect.NativeConstructorAccessorImpl.newInstance0(Native Method)\n\tat sun.reflect.NativeConstructorAccessorImpl.newInstance(NativeConstructorAccessorImpl.java:62)\n\tat sun.reflect.DelegatingConstructorAccessorImpl.newInstance(DelegatingConstructorAccessorImpl.java:45)\n\tat java.lang.reflect.Constructor.newInstance(Constructor.java:423)\n\tat org.codehaus.groovy.reflection.CachedConstructor.invoke(CachedConstructor.java:73)\n\tat org.codehaus.groovy.reflection.CachedConstructor.doConstructorInvoke(CachedConstructor.java:60)\n\tat org.codehaus.groovy.runtime.callsite.ConstructorSite$ConstructorSiteNoUnwrap.callConstructor(ConstructorSite.java:86)\n\tat org.codehaus.groovy.runtime.callsite.AbstractCallSite.callConstructor(AbstractCallSite.java:277)\n\tat io.restassured.internal.ResponseSpecificationImpl$HamcrestAssertionClosure.validate(ResponseSpecificationImpl.groovy:512)\n\tat io.restassured.internal.ResponseSpecificationImpl$HamcrestAssertionClosure$validate$2.call(Unknown Source)\n\tat io.restassured.internal.ResponseSpecificationImpl.validateResponseIfRequired(ResponseSpecificationImpl.groovy:696)\n\tat io.restassured.internal.ResponseSpecificationImpl.this$2$validateResponseIfRequired(ResponseSpecificationImpl.groovy)\n\tat sun.reflect.NativeMethodAccessorImpl.invoke0(Native Method)\n\tat sun.reflect.NativeMethodAccessorImpl.invoke(NativeMethodAccessorImpl.java:62)\n\tat sun.reflect.DelegatingMethodAccessorImpl.invoke(DelegatingMethodAccessorImpl.java:43)\n\tat java.lang.reflect.Method.invoke(Method.java:498)\n\tat org.codehaus.groovy.runtime.callsite.PlainObjectMetaMethodSite.doInvoke(PlainObjectMetaMethodSite.java:43)\n\tat org.codehaus.groovy.runtime.callsite.PogoMetaMethodSite$PogoCachedMethodSiteNoUnwrapNoCoerce.invoke(PogoMetaMethodSite.java:198)\n\tat org.codehaus.groovy.runtime.callsite.PogoMetaMethodSite.callCurrent(PogoMetaMethodSite.java:62)\n\tat org.codehaus.groovy.runtime.callsite.AbstractCallSite.callCurrent(AbstractCallSite.java:185)\n\tat io.restassured.internal.ResponseSpecificationImpl.statusCode(ResponseSpecificationImpl.groovy:135)\n\tat io.restassured.specification.ResponseSpecification$statusCode$0.callCurrent(Unknown Source)\n\tat org.codehaus.groovy.runtime.callsite.AbstractCallSite.callCurrent(AbstractCallSite.java:183)\n\tat io.restassured.internal.ResponseSpecificationImpl.statusCode(ResponseSpecificationImpl.groovy:143)\n\tat io.restassured.internal.ValidatableResponseOptionsImpl.statusCode(ValidatableResponseOptionsImpl.java:89)\n\tat aquality.selenium.template.cucumber.stepdefinitions.api.common.ResponseSteps.statusCodeOfResponseIs(ResponseSteps.java:36)\n\tat ✽.the status code of the 'users response' is '200'(file:///home/runner/work/aquality-selenium-java-template/aquality-selenium-java-template/aquality-selenium-template-cucumber/src/test/java/aquality/selenium/template/cucumber/features/DemoApi.feature:27)\n","flaky":false,"newFailed":true,"newBroken":false,"newPassed":false,"retriesCount":0,"retriesStatusChange":false,"beforeStages":[{"name":"aquality.selenium.template.cucumber.hooks.AqualityServicesHooks.reinitializeAqualityServices()","time":{"start":1674113531960,"stop":1674113531970,"duration":10},"status":"passed","steps":[],"attachments":[],"parameters":[],"attachmentsCount":0,"shouldDisplayMessage":false,"hasContent":false,"stepsCount":0}],"testStage":{"status":"failed","statusMessage":"1 expectation failed.\nExpected status code <200> but was <403>.\n","statusTrace":"java.lang.AssertionError: 1 expectation failed.\nExpected status code <200> but was <403>.\n\n\tat sun.reflect.NativeConstructorAccessorImpl.newInstance0(Native Method)\n\tat sun.reflect.NativeConstructorAccessorImpl.newInstance(NativeConstructorAccessorImpl.java:62)\n\tat sun.reflect.DelegatingConstructorAccessorImpl.newInstance(DelegatingConstructorAccessorImpl.java:45)\n\tat java.lang.reflect.Constructor.newInstance(Constructor.java:423)\n\tat org.codehaus.groovy.reflection.CachedConstructor.invoke(CachedConstructor.java:73)\n\tat org.codehaus.groovy.reflection.CachedConstructor.doConstructorInvoke(CachedConstructor.java:60)\n\tat org.codehaus.groovy.runtime.callsite.ConstructorSite$ConstructorSiteNoUnwrap.callConstructor(ConstructorSite.java:86)\n\tat org.codehaus.groovy.runtime.callsite.AbstractCallSite.callConstructor(AbstractCallSite.java:277)\n\tat io.restassured.internal.ResponseSpecificationImpl$HamcrestAssertionClosure.validate(ResponseSpecificationImpl.groovy:512)\n\tat io.restassured.internal.ResponseSpecificationImpl$HamcrestAssertionClosure$validate$2.call(Unknown Source)\n\tat io.restassured.internal.ResponseSpecificationImpl.validateResponseIfRequired(ResponseSpecificationImpl.groovy:696)\n\tat io.restassured.internal.ResponseSpecificationImpl.this$2$validateResponseIfRequired(ResponseSpecificationImpl.groovy)\n\tat sun.reflect.NativeMethodAccessorImpl.invoke0(Native Method)\n\tat sun.reflect.NativeMethodAccessorImpl.invoke(NativeMethodAccessorImpl.java:62)\n\tat sun.reflect.DelegatingMethodAccessorImpl.invoke(DelegatingMethodAccessorImpl.java:43)\n\tat java.lang.reflect.Method.invoke(Method.java:498)\n\tat org.codehaus.groovy.runtime.callsite.PlainObjectMetaMethodSite.doInvoke(PlainObjectMetaMethodSite.java:43)\n\tat org.codehaus.groovy.runtime.callsite.PogoMetaMethodSite$PogoCachedMethodSiteNoUnwrapNoCoerce.invoke(PogoMetaMethodSite.java:198)\n\tat org.codehaus.groovy.runtime.callsite.PogoMetaMethodSite.callCurrent(PogoMetaMethodSite.java:62)\n\tat org.codehaus.groovy.runtime.callsite.AbstractCallSite.callCurrent(AbstractCallSite.java:185)\n\tat io.restassured.internal.ResponseSpecificationImpl.statusCode(ResponseSpecificationImpl.groovy:135)\n\tat io.restassured.specification.ResponseSpecification$statusCode$0.callCurrent(Unknown Source)\n\tat org.codehaus.groovy.runtime.callsite.AbstractCallSite.callCurrent(AbstractCallSite.java:183)\n\tat io.restassured.internal.ResponseSpecificationImpl.statusCode(ResponseSpecificationImpl.groovy:143)\n\tat io.restassured.internal.ValidatableResponseOptionsImpl.statusCode(ValidatableResponseOptionsImpl.java:89)\n\tat aquality.selenium.template.cucumber.stepdefinitions.api.common.ResponseSteps.statusCodeOfResponseIs(ResponseSteps.java:36)\n\tat ✽.the status code of the 'users response' is '200'(file:///home/runner/work/aquality-selenium-java-template/aquality-selenium-java-template/aquality-selenium-template-cucumber/src/test/java/aquality/selenium/template/cucumber/features/DemoApi.feature:27)\n","steps":[{"name":"When  I send GET '/users' request to github with saving the 'users response'","time":{"start":1674113531971,"stop":1674113533949,"duration":1978},"status":"passed","steps":[],"attachments":[{"uid":"d88e5175156e3a2f","name":"Request","source":"d88e5175156e3a2f.html","type":"text/html","size":343},{"uid":"1a5d57408c24ebd5","name":"HTTP/1.1 403 rate limit exceeded","source":"1a5d57408c24ebd5.html","type":"text/html","size":1806}],"parameters":[],"attachmentsCount":2,"shouldDisplayMessage":false,"hasContent":true,"stepsCount":0},{"name":"Then  the status code of the 'users response' is '200'","time":{"start":1674113533949,"stop":1674113534006,"duration":57},"status":"failed","statusMessage":"1 expectation failed.\nExpected status code <200> but was <403>.\n","statusTrace":"java.lang.AssertionError: 1 expectation failed.\nExpected status code <200> but was <403>.\n\n\tat sun.reflect.NativeConstructorAccessorImpl.newInstance0(Native Method)\n\tat sun.reflect.NativeConstructorAccessorImpl.newInstance(NativeConstructorAccessorImpl.java:62)\n\tat sun.reflect.DelegatingConstructorAccessorImpl.newInstance(DelegatingConstructorAccessorImpl.java:45)\n\tat java.lang.reflect.Constructor.newInstance(Constructor.java:423)\n\tat org.codehaus.groovy.reflection.CachedConstructor.invoke(CachedConstructor.java:73)\n\tat org.codehaus.groovy.reflection.CachedConstructor.doConstructorInvoke(CachedConstructor.java:60)\n\tat org.codehaus.groovy.runtime.callsite.ConstructorSite$ConstructorSiteNoUnwrap.callConstructor(ConstructorSite.java:86)\n\tat org.codehaus.groovy.runtime.callsite.AbstractCallSite.callConstructor(AbstractCallSite.java:277)\n\tat io.restassured.internal.ResponseSpecificationImpl$HamcrestAssertionClosure.validate(ResponseSpecificationImpl.groovy:512)\n\tat io.restassured.internal.ResponseSpecificationImpl$HamcrestAssertionClosure$validate$2.call(Unknown Source)\n\tat io.restassured.internal.ResponseSpecificationImpl.validateResponseIfRequired(ResponseSpecificationImpl.groovy:696)\n\tat io.restassured.internal.ResponseSpecificationImpl.this$2$validateResponseIfRequired(ResponseSpecificationImpl.groovy)\n\tat sun.reflect.NativeMethodAccessorImpl.invoke0(Native Method)\n\tat sun.reflect.NativeMethodAccessorImpl.invoke(NativeMethodAccessorImpl.java:62)\n\tat sun.reflect.DelegatingMethodAccessorImpl.invoke(DelegatingMethodAccessorImpl.java:43)\n\tat java.lang.reflect.Method.invoke(Method.java:498)\n\tat org.codehaus.groovy.runtime.callsite.PlainObjectMetaMethodSite.doInvoke(PlainObjectMetaMethodSite.java:43)\n\tat org.codehaus.groovy.runtime.callsite.PogoMetaMethodSite$PogoCachedMethodSiteNoUnwrapNoCoerce.invoke(PogoMetaMethodSite.java:198)\n\tat org.codehaus.groovy.runtime.callsite.PogoMetaMethodSite.callCurrent(PogoMetaMethodSite.java:62)\n\tat org.codehaus.groovy.runtime.callsite.AbstractCallSite.callCurrent(AbstractCallSite.java:185)\n\tat io.restassured.internal.ResponseSpecificationImpl.statusCode(ResponseSpecificationImpl.groovy:135)\n\tat io.restassured.specification.ResponseSpecification$statusCode$0.callCurrent(Unknown Source)\n\tat org.codehaus.groovy.runtime.callsite.AbstractCallSite.callCurrent(AbstractCallSite.java:183)\n\tat io.restassured.internal.ResponseSpecificationImpl.statusCode(ResponseSpecificationImpl.groovy:143)\n\tat io.restassured.internal.ValidatableResponseOptionsImpl.statusCode(ValidatableResponseOptionsImpl.java:89)\n\tat aquality.selenium.template.cucumber.stepdefinitions.api.common.ResponseSteps.statusCodeOfResponseIs(ResponseSteps.java:36)\n\tat ✽.the status code of the 'users response' is '200'(file:///home/runner/work/aquality-selenium-java-template/aquality-selenium-java-template/aquality-selenium-template-cucumber/src/test/java/aquality/selenium/template/cucumber/features/DemoApi.feature:27)\n","steps":[],"attachments":[],"parameters":[],"attachmentsCount":0,"shouldDisplayMessage":true,"hasContent":true,"stepsCount":0},{"name":"And  the 'users response' matches json schema 'users/UsersResponse'","time":{"start":1674113534006,"stop":1674113534006,"duration":0},"status":"skipped","steps":[],"attachments":[],"parameters":[],"attachmentsCount":0,"shouldDisplayMessage":false,"hasContent":false,"stepsCount":0},{"name":"And  the 'users response' time is less than or equal to 5 seconds","time":{"start":1674113534006,"stop":1674113534007,"duration":1},"status":"skipped","steps":[],"attachments":[],"parameters":[],"attachmentsCount":0,"shouldDisplayMessage":false,"hasContent":false,"stepsCount":0},{"name":"And  the '.' array has size less than or equal to 30 in the 'users response'","time":{"start":1674113534007,"stop":1674113534007,"duration":0},"status":"skipped","steps":[],"attachments":[],"parameters":[],"attachmentsCount":0,"shouldDisplayMessage":false,"hasContent":false,"stepsCount":0},{"name":"And  the '.' array is ordered ascending by 'id' in the 'users response'","time":{"start":1674113534007,"stop":1674113534007,"duration":0},"status":"skipped","steps":[],"attachments":[],"parameters":[],"attachmentsCount":0,"shouldDisplayMessage":false,"hasContent":false,"stepsCount":0},{"name":"When  I extract the '[0].url' from the 'users response' with saving it as 'user URL'","time":{"start":1674113534007,"stop":1674113534007,"duration":0},"status":"skipped","steps":[],"attachments":[],"parameters":[],"attachmentsCount":0,"shouldDisplayMessage":false,"hasContent":false,"stepsCount":0},{"name":"And  I send GET request to github endpoint saved as 'user URL' with saving the 'response'","time":{"start":1674113534008,"stop":1674113534008,"duration":0},"status":"skipped","steps":[],"attachments":[],"parameters":[],"attachmentsCount":0,"shouldDisplayMessage":false,"hasContent":false,"stepsCount":0},{"name":"Then  the status code of the 'response' is '200'","time":{"start":1674113534008,"stop":1674113534008,"duration":0},"status":"skipped","steps":[],"attachments":[],"parameters":[],"attachmentsCount":0,"shouldDisplayMessage":false,"hasContent":false,"stepsCount":0},{"name":"And  the 'response' matches json schema 'users/UserResponse'","time":{"start":1674113534008,"stop":1674113534008,"duration":0},"status":"skipped","steps":[],"attachments":[],"parameters":[],"attachmentsCount":0,"shouldDisplayMessage":false,"hasContent":false,"stepsCount":0},{"name":"And  the 'url' has the value saved as 'user URL' in the 'response'","time":{"start":1674113534008,"stop":1674113534009,"duration":1},"status":"skipped","steps":[],"attachments":[],"parameters":[],"attachmentsCount":0,"shouldDisplayMessage":false,"hasContent":false,"stepsCount":0},{"name":"And  the 'response' time is less than or equal to 5 seconds","time":{"start":1674113534009,"stop":1674113534009,"duration":0},"status":"skipped","steps":[],"attachments":[],"parameters":[],"attachmentsCount":0,"shouldDisplayMessage":false,"hasContent":false,"stepsCount":0}],"attachments":[],"parameters":[],"attachmentsCount":2,"shouldDisplayMessage":false,"hasContent":true,"stepsCount":12},"afterStages":[{"name":"aquality.selenium.template.cucumber.hooks.BrowserHooks.attachArtifacts(io.cucumber.java.Scenario)","time":{"start":1674113534009,"stop":1674113534009,"duration":0},"status":"passed","steps":[],"attachments":[],"parameters":[],"attachmentsCount":0,"shouldDisplayMessage":false,"hasContent":false,"stepsCount":0},{"name":"aquality.selenium.template.cucumber.hooks.BrowserHooks.closeBrowser()","time":{"start":1674113534009,"stop":1674113534009,"duration":0},"status":"passed","steps":[],"attachments":[],"parameters":[],"attachmentsCount":0,"shouldDisplayMessage":false,"hasContent":false,"stepsCount":0}],"labels":[{"name":"tag","value":"API"},{"name":"tag","value":"demo"},{"name":"host","value":"fv-az562-543"},{"name":"thread","value":"2675@fv-az562-543.TestNG-PoolService-1(14)"},{"name":"feature","value":"Demo API"},{"name":"story","value":"GET users info"},{"name":"suite","value":"Demo API"},{"name":"testClass","value":"GET users info"},{"name":"framework","value":"cucumber5jvm"},{"name":"language","value":"java"},{"name":"gherkin_uri","value":"file:///home/runner/work/aquality-selenium-java-template/aquality-selenium-java-template/aquality-selenium-template-cucumber/src/test/java/aquality/selenium/template/cucumber/features/DemoApi.feature"},{"name":"package","value":"src.test.java.aquality.selenium.template.cucumber.features.DemoApi_feature.Demo API"},{"name":"resultFormat","value":"allure2"}],"parameters":[],"links":[],"hidden":false,"retry":false,"extra":{"severity":"normal","retries":[],"categories":[{"name":"Product defects","matchedStatuses":[],"flaky":false}],"history":{"statistic":{"failed":1,"broken":0,"skipped":0,"passed":10,"unknown":0,"total":11},"items":[{"uid":"2ccbe7eed57eea83","reportUrl":"https://aquality-automation.github.io/aquality-selenium-java-template/16//#testresult/2ccbe7eed57eea83","status":"passed","time":{"start":1674088097211,"stop":1674088101606,"duration":4395}},{"uid":"761e2d49aa10493e","reportUrl":"https://aquality-automation.github.io/aquality-selenium-java-template/16//#testresult/761e2d49aa10493e","status":"passed","time":{"start":1674087715774,"stop":1674087719744,"duration":3970}},{"uid":"cad8fd9e6acf88da","reportUrl":"https://aquality-automation.github.io/aquality-selenium-java-template/15//#testresult/cad8fd9e6acf88da","status":"passed","time":{"start":1674082245064,"stop":1674082248555,"duration":3491}},{"uid":"b3574ae550462f0f","reportUrl":"https://aquality-automation.github.io/aquality-selenium-java-template/14//#testresult/b3574ae550462f0f","status":"passed","time":{"start":1668090220953,"stop":1668090226698,"duration":5745}},{"uid":"501f892782b393e7","reportUrl":"https://aquality-automation.github.io/aquality-selenium-java-template/13//#testresult/501f892782b393e7","status":"passed","time":{"start":1663747523265,"stop":1663747528058,"duration":4793}},{"uid":"c78578e5bcc7151f","reportUrl":"https://aquality-automation.github.io/aquality-selenium-java-template/12//#testresult/c78578e5bcc7151f","status":"passed","time":{"start":1663701780749,"stop":1663701786522,"duration":5773}},{"uid":"afe2797b1a49dd80","reportUrl":"https://aquality-automation.github.io/aquality-selenium-java-template/11//#testresult/afe2797b1a49dd80","status":"passed","time":{"start":1663701667476,"stop":1663701673362,"duration":5886}},{"uid":"21ae004b1ad406e6","reportUrl":"https://aquality-automation.github.io/aquality-selenium-java-template/10//#testresult/21ae004b1ad406e6","status":"passed","time":{"start":1663698579648,"stop":1663698583204,"duration":3556}},{"uid":"d7ce215fb56d521d","reportUrl":"https://aquality-automation.github.io/aquality-selenium-java-template/9//#testresult/d7ce215fb56d521d","status":"passed","time":{"start":1663580115031,"stop":1663580120197,"duration":5166}},{"uid":"a98c5300e81d8704","reportUrl":"https://aquality-automation.github.io/aquality-selenium-java-template/8//#testresult/a98c5300e81d8704","status":"passed","time":{"start":1663105682672,"stop":1663105687527,"duration":4855}}]},"tags":["API","demo"]},"source":"aebb7aba06dddfb5.json","parameterValues":[]}